Using pre-set license
Built from '2020.3/staging' branch; Version is '2020.3.23f1 (c5d91304a876) revision 12966163'; Using compiler version '192528614'; Build Type 'Release'
OS: 'Windows 10 Home; OS build 19043.1348; Version 2009; 64bit' Language: 'ru' Physical Memory: 16234 MB
BatchMode: 1, IsHumanControllingUs: 0, StartBugReporterOnCrash: 0, Is64bit: 1, IsPro: 0

COMMAND LINE ARGUMENTS:
C:\Program Files\Unity 2020.3.23f1\Editor\Unity.exe
-adb2
-batchMode
-noUpm
-name
AssetImportWorker0
-projectPath
C:/Unity/Racing in space
-logFile
Logs/AssetImportWorker0.log
-srvPort
52585
Successfully changed project path to: C:/Unity/Racing in space
C:/Unity/Racing in space
Using Asset Import Pipeline V2.
Refreshing native plugins compatible for Editor in 29.92 ms, found 2 plugins.
Preloading 0 native plugins for Editor in 0.00 ms.
Initialize engine version: 2020.3.23f1 (c5d91304a876)
[Subsystems] Discovering subsystems at path C:/Program Files/Unity 2020.3.23f1/Editor/Data/Resources/UnitySubsystems
[Subsystems] Discovering subsystems at path C:/Unity/Racing in space/Assets
GfxDevice: creating device client; threaded=0
Direct3D:
    Version:  Direct3D 11.0 [level 11.1]
    Renderer: NVIDIA GeForce GTX 1650 (ID=0x1f91)
    Vendor:   
    VRAM:     3962 MB
    Driver:   30.0.14.9649
Initialize mono
Mono path[0] = 'C:/Program Files/Unity 2020.3.23f1/Editor/Data/Managed'
Mono path[1] = 'C:/Program Files/Unity 2020.3.23f1/Editor/Data/MonoBleedingEdge/lib/mono/unityjit'
Mono config path = 'C:/Program Files/Unity 2020.3.23f1/Editor/Data/MonoBleedingEdge/etc'
Using monoOptions --debugger-agent=transport=dt_socket,embedding=1,server=y,suspend=n,address=127.0.0.1:56468
Begin MonoManager ReloadAssembly
Registering precompiled unity dll's ...
Register platform support module: C:/Program Files/Unity 2020.3.23f1/Editor/Data/PlaybackEngines/WindowsStandaloneSupport/UnityEditor.WindowsStandalone.Extensions.dll
Registered in 0.002292 seconds.
Native extension for WindowsStandalone target not found
Refreshing native plugins compatible for Editor in 28.11 ms, found 2 plugins.
Preloading 0 native plugins for Editor in 0.00 ms.
Mono: successfully reloaded assembly
- Completed reload, in  0.533 seconds
Domain Reload Profiling:
	ReloadAssembly (533ms)
		BeginReloadAssembly (59ms)
			ExecutionOrderSort (0ms)
			DisableScriptedObjects (0ms)
			BackupInstance (0ms)
			ReleaseScriptingObjects (0ms)
			CreateAndSetChildDomain (1ms)
		EndReloadAssembly (403ms)
			LoadAssemblies (56ms)
			RebuildTransferFunctionScriptingTraits (0ms)
			SetupTypeCache (137ms)
			ReleaseScriptCaches (0ms)
			RebuildScriptCaches (29ms)
			SetupLoadedEditorAssemblies (144ms)
				LogAssemblyErrors (0ms)
				InitializePlatformSupportModulesInManaged (4ms)
				SetLoadedEditorAssemblies (0ms)
				RefreshPlugins (28ms)
				BeforeProcessingInitializeOnLoad (15ms)
				ProcessInitializeOnLoadAttributes (72ms)
				ProcessInitializeOnLoadMethodAttributes (25ms)
				AfterProcessingInitializeOnLoad (0ms)
				EditorAssembliesLoaded (0ms)
			ExecutionOrderSort2 (0ms)
			AwakeInstancesAfterBackupRestoration (0ms)
Platform modules already initialized, skipping
Registering precompiled user dll's ...
Registered in 0.005539 seconds.
Begin MonoManager ReloadAssembly
Native extension for WindowsStandalone target not found
Refreshing native plugins compatible for Editor in 0.32 ms, found 2 plugins.
Preloading 0 native plugins for Editor in 0.00 ms.
Mono: successfully reloaded assembly
- Completed reload, in  0.940 seconds
Domain Reload Profiling:
	ReloadAssembly (940ms)
		BeginReloadAssembly (140ms)
			ExecutionOrderSort (0ms)
			DisableScriptedObjects (4ms)
			BackupInstance (0ms)
			ReleaseScriptingObjects (0ms)
			CreateAndSetChildDomain (17ms)
		EndReloadAssembly (741ms)
			LoadAssemblies (82ms)
			RebuildTransferFunctionScriptingTraits (0ms)
			SetupTypeCache (253ms)
			ReleaseScriptCaches (0ms)
			RebuildScriptCaches (38ms)
			SetupLoadedEditorAssemblies (279ms)
				LogAssemblyErrors (0ms)
				InitializePlatformSupportModulesInManaged (4ms)
				SetLoadedEditorAssemblies (1ms)
				RefreshPlugins (0ms)
				BeforeProcessingInitializeOnLoad (74ms)
				ProcessInitializeOnLoadAttributes (184ms)
				ProcessInitializeOnLoadMethodAttributes (9ms)
				AfterProcessingInitializeOnLoad (8ms)
				EditorAssembliesLoaded (0ms)
			ExecutionOrderSort2 (0ms)
			AwakeInstancesAfterBackupRestoration (6ms)
Platform modules already initialized, skipping
========================================================================
Worker process is ready to serve import requests
Launched and connected shader compiler UnityShaderCompiler.exe after 0.05 seconds
Refreshing native plugins compatible for Editor in 0.29 ms, found 2 plugins.
Preloading 0 native plugins for Editor in 0.00 ms.
Unloading 1503 Unused Serialized files (Serialized files now loaded: 0)
System memory in use before: 69.7 MB.
System memory in use after: 69.7 MB.

Unloading 19 unused Assets to reduce memory usage. Loaded Objects now: 1936.
Total: 3.595100 ms (FindLiveObjects: 0.202000 ms CreateObjectMapping: 0.065200 ms MarkObjects: 3.224100 ms  DeleteObjects: 0.102200 ms)

AssetImportParameters requested are different than current active one (requested -> active):
  custom:framework-win-MediaFoundation: 216162199b28c13a410421893ffa2e32 -> 
  custom:video-decoder-ogg-theora: a1e56fd34408186e4bbccfd4996cb3dc -> 
  custom:container-muxer-webm: aa71ff27fc2769a1b78a27578f13a17b -> 
  custom:container-demuxer-webm: 4f35f7cbe854078d1ac9338744f61a02 -> 
  custom:container-demuxer-ogg: 62fdf1f143b41e24485cea50d1cbac27 -> 
  custom:video-encoder-webm-vp8: eb34c28f22e8b96e1ab97ce403110664 -> 
  custom:video-codec-MediaFoundation-h265: 746d11721c4dcdbdad8f713fa42b33f4 -> 
  custom:video-decoder-webm-vp8: 9c59270c3fd7afecdb556c50c9e8de78 -> 
  custom:audio-decoder-ogg-vorbis: bf7c407c2cedff20999df2af8eb42d56 -> 
  custom:audio-encoder-webm-vorbis: bf7c407c2cedff20999df2af8eb42d56 -> 
========================================================================
Received Import Request.
  path: Assets/Scripts
  artifactKey: Guid(82914900153ada04db30ff537a810e09) Importer(815301076,1909f56bfc062723c751e8b465ee728b)
Start importing Assets/Scripts using Guid(82914900153ada04db30ff537a810e09) Importer(815301076,1909f56bfc062723c751e8b465ee728b)  -> (artifact id: 'c6d31da9ff7695dcb8ea7f61e70a4eb3') in 0.004555 seconds 
  Import took 0.007638 seconds .

========================================================================
Received Import Request.
  Time since last request: 3.690930 seconds.
  path: Assets/Scripts/SmoothFollow.cs
  artifactKey: Guid(0880c2d1583b0a146985baad05098107) Importer(815301076,1909f56bfc062723c751e8b465ee728b)
Start importing Assets/Scripts/SmoothFollow.cs using Guid(0880c2d1583b0a146985baad05098107) Importer(815301076,1909f56bfc062723c751e8b465ee728b)  -> (artifact id: 'd8ebf55b17a05dd9b64f5c25ffe67b4b') in 0.027186 seconds 
  Import took 0.029233 seconds .

========================================================================
Received Import Request.
  Time since last request: 8.450412 seconds.
  path: Assets/Models
  artifactKey: Guid(c01738a467d01144ca9dfefa07f2cd94) Importer(815301076,1909f56bfc062723c751e8b465ee728b)
Start importing Assets/Models using Guid(c01738a467d01144ca9dfefa07f2cd94) Importer(815301076,1909f56bfc062723c751e8b465ee728b)  -> (artifact id: '4faa00d6f9738452d7807ddfe637a039') in 0.002825 seconds 
  Import took 0.005862 seconds .

========================================================================
Received Import Request.
  Time since last request: 1.706018 seconds.
  path: Assets/Models/Spaceship
  artifactKey: Guid(c10754cfa30e17d43afe7f706e13455d) Importer(815301076,1909f56bfc062723c751e8b465ee728b)
Start importing Assets/Models/Spaceship using Guid(c10754cfa30e17d43afe7f706e13455d) Importer(815301076,1909f56bfc062723c751e8b465ee728b)  -> (artifact id: 'dcf1e50f2d311ad75e2fb17ae3477ec1') in 0.003862 seconds 
  Import took 0.007263 seconds .

========================================================================
Received Import Request.
  Time since last request: 0.063691 seconds.
  path: Assets/Models/Spaceship/Spaceship - FBX.fbx
  artifactKey: Guid(e7674e9ed06151745829c8f47cc06893) Importer(815301076,1909f56bfc062723c751e8b465ee728b)
Start importing Assets/Models/Spaceship/Spaceship - FBX.fbx using Guid(e7674e9ed06151745829c8f47cc06893) Importer(815301076,1909f56bfc062723c751e8b465ee728b)  -> (artifact id: '8470578dee08c5c66d2bf951dc149263') in 0.471409 seconds 
  Import took 0.476668 seconds .

========================================================================
Received Import Request.
  Time since last request: 0.000353 seconds.
  path: Assets/Models/Spaceship/Spaceship_NS.tga
  artifactKey: Guid(6647aae2378d7dd4ca4844c41fd9d0e0) Importer(815301076,1909f56bfc062723c751e8b465ee728b)
Start importing Assets/Models/Spaceship/Spaceship_NS.tga using Guid(6647aae2378d7dd4ca4844c41fd9d0e0) Importer(815301076,1909f56bfc062723c751e8b465ee728b)  -> (artifact id: 'eaf3ba450f22a7e70252efdc650fb5de') in 0.035517 seconds 
  Import took 0.037591 seconds .

========================================================================
Received Import Request.
  Time since last request: 0.000258 seconds.
  path: Assets/Models/Spaceship/Spaceship_DG.tga
  artifactKey: Guid(592fd6e545034244aa3f4e2143c8e9d9) Importer(815301076,1909f56bfc062723c751e8b465ee728b)
Start importing Assets/Models/Spaceship/Spaceship_DG.tga using Guid(592fd6e545034244aa3f4e2143c8e9d9) Importer(815301076,1909f56bfc062723c751e8b465ee728b)  -> (artifact id: '621a42e50d2e9911c827d0ec60fa3677') in 0.008743 seconds 
  Import took 0.013290 seconds .

========================================================================
Received Import Request.
  Time since last request: 25.133979 seconds.
  path: Assets
  artifactKey: Guid(00000000000000001000000000000000) Importer(815301076,1909f56bfc062723c751e8b465ee728b)
Start importing Assets using Guid(00000000000000001000000000000000) Importer(815301076,1909f56bfc062723c751e8b465ee728b)  -> (artifact id: '42d402b061de3733987d63b9cc3b64de') in 0.002905 seconds 
  Import took 0.006212 seconds .

========================================================================
Received Import Request.
  Time since last request: 7.196196 seconds.
  path: Assets/Prefabs
  artifactKey: Guid(85882a81bf9b999459a10eeaa1a180ab) Importer(815301076,1909f56bfc062723c751e8b465ee728b)
Start importing Assets/Prefabs using Guid(85882a81bf9b999459a10eeaa1a180ab) Importer(815301076,1909f56bfc062723c751e8b465ee728b)  -> (artifact id: '2a2ca8c0c3747020868046a535b2a2e0') in 0.005627 seconds 
  Import took 0.009036 seconds .

========================================================================
Received Prepare
Registering precompiled user dll's ...
Registered in 0.004921 seconds.
Begin MonoManager ReloadAssembly
Native extension for WindowsStandalone target not found
Refreshing native plugins compatible for Editor in 0.30 ms, found 2 plugins.
Preloading 0 native plugins for Editor in 0.00 ms.
Mono: successfully reloaded assembly
- Completed reload, in  0.873 seconds
Domain Reload Profiling:
	ReloadAssembly (873ms)
		BeginReloadAssembly (111ms)
			ExecutionOrderSort (0ms)
			DisableScriptedObjects (4ms)
			BackupInstance (0ms)
			ReleaseScriptingObjects (0ms)
			CreateAndSetChildDomain (29ms)
		EndReloadAssembly (701ms)
			LoadAssemblies (84ms)
			RebuildTransferFunctionScriptingTraits (0ms)
			SetupTypeCache (244ms)
			ReleaseScriptCaches (1ms)
			RebuildScriptCaches (36ms)
			SetupLoadedEditorAssemblies (256ms)
				LogAssemblyErrors (0ms)
				InitializePlatformSupportModulesInManaged (4ms)
				SetLoadedEditorAssemblies (0ms)
				RefreshPlugins (0ms)
				BeforeProcessingInitializeOnLoad (68ms)
				ProcessInitializeOnLoadAttributes (168ms)
				ProcessInitializeOnLoadMethodAttributes (8ms)
				AfterProcessingInitializeOnLoad (8ms)
				EditorAssembliesLoaded (0ms)
			ExecutionOrderSort2 (0ms)
			AwakeInstancesAfterBackupRestoration (6ms)
Platform modules already initialized, skipping
Refreshing native plugins compatible for Editor in 0.30 ms, found 2 plugins.
Preloading 0 native plugins for Editor in 0.00 ms.
Unloading 1493 Unused Serialized files (Serialized files now loaded: 0)
System memory in use before: 72.5 MB.
System memory in use after: 72.6 MB.

Unloading 15 unused Assets to reduce memory usage. Loaded Objects now: 1951.
Total: 2.548500 ms (FindLiveObjects: 0.142700 ms CreateObjectMapping: 0.042500 ms MarkObjects: 2.344900 ms  DeleteObjects: 0.017700 ms)

AssetImportParameters requested are different than current active one (requested -> active):
  custom:framework-win-MediaFoundation: 216162199b28c13a410421893ffa2e32 -> 
  custom:video-decoder-ogg-theora: a1e56fd34408186e4bbccfd4996cb3dc -> 
  custom:container-muxer-webm: aa71ff27fc2769a1b78a27578f13a17b -> 
  custom:container-demuxer-webm: 4f35f7cbe854078d1ac9338744f61a02 -> 
  custom:container-demuxer-ogg: 62fdf1f143b41e24485cea50d1cbac27 -> 
  custom:video-encoder-webm-vp8: eb34c28f22e8b96e1ab97ce403110664 -> 
  custom:video-codec-MediaFoundation-h265: 746d11721c4dcdbdad8f713fa42b33f4 -> 
  custom:video-decoder-webm-vp8: 9c59270c3fd7afecdb556c50c9e8de78 -> 
  custom:audio-decoder-ogg-vorbis: bf7c407c2cedff20999df2af8eb42d56 -> 
  custom:audio-encoder-webm-vorbis: bf7c407c2cedff20999df2af8eb42d56 -> 
========================================================================
Received Prepare
Registering precompiled user dll's ...
Registered in 0.005835 seconds.
Begin MonoManager ReloadAssembly
Native extension for WindowsStandalone target not found
Refreshing native plugins compatible for Editor in 0.30 ms, found 2 plugins.
Preloading 0 native plugins for Editor in 0.00 ms.
Mono: successfully reloaded assembly
- Completed reload, in  1.117 seconds
Domain Reload Profiling:
	ReloadAssembly (1117ms)
		BeginReloadAssembly (132ms)
			ExecutionOrderSort (0ms)
			DisableScriptedObjects (4ms)
			BackupInstance (0ms)
			ReleaseScriptingObjects (0ms)
			CreateAndSetChildDomain (35ms)
		EndReloadAssembly (905ms)
			LoadAssemblies (114ms)
			RebuildTransferFunctionScriptingTraits (0ms)
			SetupTypeCache (339ms)
			ReleaseScriptCaches (1ms)
			RebuildScriptCaches (43ms)
			SetupLoadedEditorAssemblies (302ms)
				LogAssemblyErrors (0ms)
				InitializePlatformSupportModulesInManaged (6ms)
				SetLoadedEditorAssemblies (1ms)
				RefreshPlugins (0ms)
				BeforeProcessingInitializeOnLoad (83ms)
				ProcessInitializeOnLoadAttributes (195ms)
				ProcessInitializeOnLoadMethodAttributes (8ms)
				AfterProcessingInitializeOnLoad (9ms)
				EditorAssembliesLoaded (0ms)
			ExecutionOrderSort2 (0ms)
			AwakeInstancesAfterBackupRestoration (7ms)
Platform modules already initialized, skipping
Refreshing native plugins compatible for Editor in 0.38 ms, found 2 plugins.
Preloading 0 native plugins for Editor in 0.00 ms.
Unloading 1493 Unused Serialized files (Serialized files now loaded: 0)
System memory in use before: 72.5 MB.
System memory in use after: 72.6 MB.

Unloading 14 unused Assets to reduce memory usage. Loaded Objects now: 1953.
Total: 2.512400 ms (FindLiveObjects: 0.146900 ms CreateObjectMapping: 0.042800 ms MarkObjects: 2.303800 ms  DeleteObjects: 0.017800 ms)

AssetImportParameters requested are different than current active one (requested -> active):
  custom:framework-win-MediaFoundation: 216162199b28c13a410421893ffa2e32 -> 
  custom:video-decoder-ogg-theora: a1e56fd34408186e4bbccfd4996cb3dc -> 
  custom:container-muxer-webm: aa71ff27fc2769a1b78a27578f13a17b -> 
  custom:container-demuxer-webm: 4f35f7cbe854078d1ac9338744f61a02 -> 
  custom:container-demuxer-ogg: 62fdf1f143b41e24485cea50d1cbac27 -> 
  custom:video-encoder-webm-vp8: eb34c28f22e8b96e1ab97ce403110664 -> 
  custom:video-codec-MediaFoundation-h265: 746d11721c4dcdbdad8f713fa42b33f4 -> 
  custom:video-decoder-webm-vp8: 9c59270c3fd7afecdb556c50c9e8de78 -> 
  custom:audio-decoder-ogg-vorbis: bf7c407c2cedff20999df2af8eb42d56 -> 
  custom:audio-encoder-webm-vorbis: bf7c407c2cedff20999df2af8eb42d56 -> 
========================================================================
Received Import Request.
  Time since last request: 247.395163 seconds.
  path: Assets/Scripts/SpaceshipController.cs
  artifactKey: Guid(45562e74c2fdb2b4591e72d98bd62321) Importer(815301076,1909f56bfc062723c751e8b465ee728b)
Start importing Assets/Scripts/SpaceshipController.cs using Guid(45562e74c2fdb2b4591e72d98bd62321) Importer(815301076,1909f56bfc062723c751e8b465ee728b)  -> (artifact id: '20a742b0c89469fe07ac70b4ff75414d') in 0.006381 seconds 
  Import took 0.009584 seconds .

========================================================================
Received Prepare
Registering precompiled user dll's ...
Registered in 0.007941 seconds.
Begin MonoManager ReloadAssembly
Native extension for WindowsStandalone target not found
Refreshing native plugins compatible for Editor in 0.31 ms, found 2 plugins.
Preloading 0 native plugins for Editor in 0.00 ms.
Mono: successfully reloaded assembly
- Completed reload, in  1.003 seconds
Domain Reload Profiling:
	ReloadAssembly (1003ms)
		BeginReloadAssembly (101ms)
			ExecutionOrderSort (0ms)
			DisableScriptedObjects (4ms)
			BackupInstance (0ms)
			ReleaseScriptingObjects (0ms)
			CreateAndSetChildDomain (28ms)
		EndReloadAssembly (838ms)
			LoadAssemblies (88ms)
			RebuildTransferFunctionScriptingTraits (0ms)
			SetupTypeCache (291ms)
			ReleaseScriptCaches (1ms)
			RebuildScriptCaches (41ms)
			SetupLoadedEditorAssemblies (308ms)
				LogAssemblyErrors (0ms)
				InitializePlatformSupportModulesInManaged (5ms)
				SetLoadedEditorAssemblies (0ms)
				RefreshPlugins (0ms)
				BeforeProcessingInitializeOnLoad (92ms)
				ProcessInitializeOnLoadAttributes (194ms)
				ProcessInitializeOnLoadMethodAttributes (8ms)
				AfterProcessingInitializeOnLoad (8ms)
				EditorAssembliesLoaded (0ms)
			ExecutionOrderSort2 (0ms)
			AwakeInstancesAfterBackupRestoration (6ms)
Platform modules already initialized, skipping
Refreshing native plugins compatible for Editor in 0.36 ms, found 2 plugins.
Preloading 0 native plugins for Editor in 0.00 ms.
Unloading 1494 Unused Serialized files (Serialized files now loaded: 0)
System memory in use before: 72.6 MB.
System memory in use after: 72.7 MB.

Unloading 14 unused Assets to reduce memory usage. Loaded Objects now: 1956.
Total: 2.738300 ms (FindLiveObjects: 0.205700 ms CreateObjectMapping: 0.048600 ms MarkObjects: 2.465600 ms  DeleteObjects: 0.017500 ms)

AssetImportParameters requested are different than current active one (requested -> active):
  custom:framework-win-MediaFoundation: 216162199b28c13a410421893ffa2e32 -> 
  custom:video-decoder-ogg-theora: a1e56fd34408186e4bbccfd4996cb3dc -> 
  custom:container-muxer-webm: aa71ff27fc2769a1b78a27578f13a17b -> 
  custom:container-demuxer-webm: 4f35f7cbe854078d1ac9338744f61a02 -> 
  custom:container-demuxer-ogg: 62fdf1f143b41e24485cea50d1cbac27 -> 
  custom:video-encoder-webm-vp8: eb34c28f22e8b96e1ab97ce403110664 -> 
  custom:video-codec-MediaFoundation-h265: 746d11721c4dcdbdad8f713fa42b33f4 -> 
  custom:video-decoder-webm-vp8: 9c59270c3fd7afecdb556c50c9e8de78 -> 
  custom:audio-decoder-ogg-vorbis: bf7c407c2cedff20999df2af8eb42d56 -> 
  custom:audio-encoder-webm-vorbis: bf7c407c2cedff20999df2af8eb42d56 -> 
========================================================================
Received Import Request.
  Time since last request: 132.737393 seconds.
  path: Assets/Scripts/SO configs
  artifactKey: Guid(e5c5ba5ca98e09241aac6031cab2adf3) Importer(815301076,1909f56bfc062723c751e8b465ee728b)
Start importing Assets/Scripts/SO configs using Guid(e5c5ba5ca98e09241aac6031cab2adf3) Importer(815301076,1909f56bfc062723c751e8b465ee728b)  -> (artifact id: 'edd7c019e8ede2c62c734014ec764b03') in 0.005991 seconds 
  Import took 0.008576 seconds .

========================================================================
Received Import Request.
  Time since last request: 25.436363 seconds.
  path: Assets/Scripts/SO configs/SpaceshipConfig.cs
  artifactKey: Guid(c4fff34bc562d08469a6534ae7e5be1d) Importer(815301076,1909f56bfc062723c751e8b465ee728b)
Start importing Assets/Scripts/SO configs/SpaceshipConfig.cs using Guid(c4fff34bc562d08469a6534ae7e5be1d) Importer(815301076,1909f56bfc062723c751e8b465ee728b)  -> (artifact id: '4a266a67fa890f5c7dadf214bf49c5af') in 0.003147 seconds 
  Import took 0.006680 seconds .

========================================================================
Received Prepare
Registering precompiled user dll's ...
Registered in 0.005448 seconds.
Begin MonoManager ReloadAssembly
Native extension for WindowsStandalone target not found
Refreshing native plugins compatible for Editor in 0.29 ms, found 2 plugins.
Preloading 0 native plugins for Editor in 0.00 ms.
Mono: successfully reloaded assembly
- Completed reload, in  0.954 seconds
Domain Reload Profiling:
	ReloadAssembly (954ms)
		BeginReloadAssembly (107ms)
			ExecutionOrderSort (0ms)
			DisableScriptedObjects (4ms)
			BackupInstance (0ms)
			ReleaseScriptingObjects (0ms)
			CreateAndSetChildDomain (26ms)
		EndReloadAssembly (788ms)
			LoadAssemblies (92ms)
			RebuildTransferFunctionScriptingTraits (0ms)
			SetupTypeCache (318ms)
			ReleaseScriptCaches (1ms)
			RebuildScriptCaches (36ms)
			SetupLoadedEditorAssemblies (261ms)
				LogAssemblyErrors (0ms)
				InitializePlatformSupportModulesInManaged (4ms)
				SetLoadedEditorAssemblies (0ms)
				RefreshPlugins (0ms)
				BeforeProcessingInitializeOnLoad (67ms)
				ProcessInitializeOnLoadAttributes (171ms)
				ProcessInitializeOnLoadMethodAttributes (10ms)
				AfterProcessingInitializeOnLoad (8ms)
				EditorAssembliesLoaded (0ms)
			ExecutionOrderSort2 (0ms)
			AwakeInstancesAfterBackupRestoration (6ms)
Platform modules already initialized, skipping
Refreshing native plugins compatible for Editor in 0.29 ms, found 2 plugins.
Preloading 0 native plugins for Editor in 0.00 ms.
Unloading 1495 Unused Serialized files (Serialized files now loaded: 0)
System memory in use before: 72.6 MB.
System memory in use after: 72.7 MB.

Unloading 14 unused Assets to reduce memory usage. Loaded Objects now: 1959.
Total: 2.658000 ms (FindLiveObjects: 0.139800 ms CreateObjectMapping: 0.039600 ms MarkObjects: 2.462400 ms  DeleteObjects: 0.015300 ms)

AssetImportParameters requested are different than current active one (requested -> active):
  custom:framework-win-MediaFoundation: 216162199b28c13a410421893ffa2e32 -> 
  custom:video-decoder-ogg-theora: a1e56fd34408186e4bbccfd4996cb3dc -> 
  custom:container-muxer-webm: aa71ff27fc2769a1b78a27578f13a17b -> 
  custom:container-demuxer-webm: 4f35f7cbe854078d1ac9338744f61a02 -> 
  custom:container-demuxer-ogg: 62fdf1f143b41e24485cea50d1cbac27 -> 
  custom:video-encoder-webm-vp8: eb34c28f22e8b96e1ab97ce403110664 -> 
  custom:video-codec-MediaFoundation-h265: 746d11721c4dcdbdad8f713fa42b33f4 -> 
  custom:video-decoder-webm-vp8: 9c59270c3fd7afecdb556c50c9e8de78 -> 
  custom:audio-decoder-ogg-vorbis: bf7c407c2cedff20999df2af8eb42d56 -> 
  custom:audio-encoder-webm-vorbis: bf7c407c2cedff20999df2af8eb42d56 -> 
========================================================================
Received Prepare
Registering precompiled user dll's ...
Registered in 0.004952 seconds.
Begin MonoManager ReloadAssembly
Native extension for WindowsStandalone target not found
Refreshing native plugins compatible for Editor in 0.30 ms, found 2 plugins.
Preloading 0 native plugins for Editor in 0.00 ms.
Mono: successfully reloaded assembly
- Completed reload, in  0.897 seconds
Domain Reload Profiling:
	ReloadAssembly (898ms)
		BeginReloadAssembly (116ms)
			ExecutionOrderSort (0ms)
			DisableScriptedObjects (5ms)
			BackupInstance (0ms)
			ReleaseScriptingObjects (0ms)
			CreateAndSetChildDomain (28ms)
		EndReloadAssembly (716ms)
			LoadAssemblies (92ms)
			RebuildTransferFunctionScriptingTraits (0ms)
			SetupTypeCache (258ms)
			ReleaseScriptCaches (1ms)
			RebuildScriptCaches (35ms)
			SetupLoadedEditorAssemblies (251ms)
				LogAssemblyErrors (0ms)
				InitializePlatformSupportModulesInManaged (4ms)
				SetLoadedEditorAssemblies (0ms)
				RefreshPlugins (0ms)
				BeforeProcessingInitializeOnLoad (67ms)
				ProcessInitializeOnLoadAttributes (164ms)
				ProcessInitializeOnLoadMethodAttributes (8ms)
				AfterProcessingInitializeOnLoad (7ms)
				EditorAssembliesLoaded (0ms)
			ExecutionOrderSort2 (0ms)
			AwakeInstancesAfterBackupRestoration (6ms)
Platform modules already initialized, skipping
Refreshing native plugins compatible for Editor in 0.29 ms, found 2 plugins.
Preloading 0 native plugins for Editor in 0.00 ms.
Unloading 1495 Unused Serialized files (Serialized files now loaded: 0)
System memory in use before: 72.6 MB.
System memory in use after: 72.7 MB.

Unloading 14 unused Assets to reduce memory usage. Loaded Objects now: 1961.
Total: 2.338100 ms (FindLiveObjects: 0.144400 ms CreateObjectMapping: 0.038400 ms MarkObjects: 2.139400 ms  DeleteObjects: 0.015100 ms)

AssetImportParameters requested are different than current active one (requested -> active):
  custom:framework-win-MediaFoundation: 216162199b28c13a410421893ffa2e32 -> 
  custom:video-decoder-ogg-theora: a1e56fd34408186e4bbccfd4996cb3dc -> 
  custom:container-muxer-webm: aa71ff27fc2769a1b78a27578f13a17b -> 
  custom:container-demuxer-webm: 4f35f7cbe854078d1ac9338744f61a02 -> 
  custom:container-demuxer-ogg: 62fdf1f143b41e24485cea50d1cbac27 -> 
  custom:video-encoder-webm-vp8: eb34c28f22e8b96e1ab97ce403110664 -> 
  custom:video-codec-MediaFoundation-h265: 746d11721c4dcdbdad8f713fa42b33f4 -> 
  custom:video-decoder-webm-vp8: 9c59270c3fd7afecdb556c50c9e8de78 -> 
  custom:audio-decoder-ogg-vorbis: bf7c407c2cedff20999df2af8eb42d56 -> 
  custom:audio-encoder-webm-vorbis: bf7c407c2cedff20999df2af8eb42d56 -> 
========================================================================
Received Import Request.
  Time since last request: 801.539899 seconds.
  path: Assets/Scripts/SO configs/SpaceshipConfig.cs
  artifactKey: Guid(c4fff34bc562d08469a6534ae7e5be1d) Importer(815301076,1909f56bfc062723c751e8b465ee728b)
Start importing Assets/Scripts/SO configs/SpaceshipConfig.cs using Guid(c4fff34bc562d08469a6534ae7e5be1d) Importer(815301076,1909f56bfc062723c751e8b465ee728b)  -> (artifact id: '677daedc0f96f89e0880503185a383a2') in 0.003841 seconds 
  Import took 0.006051 seconds .

========================================================================
Received Import Request.
  Time since last request: 12.681295 seconds.
  path: Assets/Scripts/SpaceshipController.cs
  artifactKey: Guid(45562e74c2fdb2b4591e72d98bd62321) Importer(815301076,1909f56bfc062723c751e8b465ee728b)
Start importing Assets/Scripts/SpaceshipController.cs using Guid(45562e74c2fdb2b4591e72d98bd62321) Importer(815301076,1909f56bfc062723c751e8b465ee728b)  -> (artifact id: '89768fc4617aee3434e07a82e62ccc6e') in 0.002600 seconds 
  Import took 0.009099 seconds .

========================================================================
Received Import Request.
  Time since last request: 77.511294 seconds.
  path: Assets/Configs
  artifactKey: Guid(1e2b670ef61674442ab7767e845a1646) Importer(815301076,1909f56bfc062723c751e8b465ee728b)
Start importing Assets/Configs using Guid(1e2b670ef61674442ab7767e845a1646) Importer(815301076,1909f56bfc062723c751e8b465ee728b)  -> (artifact id: '9a3540d14ed00fd8b0c6a2b7980143a2') in 0.002724 seconds 
  Import took 0.005384 seconds .

========================================================================
Received Import Request.
  Time since last request: 9.411524 seconds.
  path: Assets/Configs/Spaceship.asset
  artifactKey: Guid(ba952a04953a7924ca03d0448af2f53f) Importer(815301076,1909f56bfc062723c751e8b465ee728b)
Start importing Assets/Configs/Spaceship.asset using Guid(ba952a04953a7924ca03d0448af2f53f) Importer(815301076,1909f56bfc062723c751e8b465ee728b)  -> (artifact id: 'eac8cb4c26e69116cf4e2ec149319c90') in 0.018683 seconds 
  Import took 0.021103 seconds .

========================================================================
Received Prepare
Registering precompiled user dll's ...
Registered in 0.004731 seconds.
Begin MonoManager ReloadAssembly
Native extension for WindowsStandalone target not found
Refreshing native plugins compatible for Editor in 0.44 ms, found 2 plugins.
Preloading 0 native plugins for Editor in 0.00 ms.
Mono: successfully reloaded assembly
- Completed reload, in  0.891 seconds
Domain Reload Profiling:
	ReloadAssembly (891ms)
		BeginReloadAssembly (106ms)
			ExecutionOrderSort (0ms)
			DisableScriptedObjects (4ms)
			BackupInstance (0ms)
			ReleaseScriptingObjects (0ms)
			CreateAndSetChildDomain (27ms)
		EndReloadAssembly (725ms)
			LoadAssemblies (90ms)
			RebuildTransferFunctionScriptingTraits (0ms)
			SetupTypeCache (249ms)
			ReleaseScriptCaches (1ms)
			RebuildScriptCaches (35ms)
			SetupLoadedEditorAssemblies (265ms)
				LogAssemblyErrors (0ms)
				InitializePlatformSupportModulesInManaged (5ms)
				SetLoadedEditorAssemblies (0ms)
				RefreshPlugins (1ms)
				BeforeProcessingInitializeOnLoad (76ms)
				ProcessInitializeOnLoadAttributes (168ms)
				ProcessInitializeOnLoadMethodAttributes (8ms)
				AfterProcessingInitializeOnLoad (7ms)
				EditorAssembliesLoaded (0ms)
			ExecutionOrderSort2 (0ms)
			AwakeInstancesAfterBackupRestoration (6ms)
Platform modules already initialized, skipping
Refreshing native plugins compatible for Editor in 0.29 ms, found 2 plugins.
Preloading 0 native plugins for Editor in 0.00 ms.
Unloading 1495 Unused Serialized files (Serialized files now loaded: 0)
System memory in use before: 72.6 MB.
System memory in use after: 72.7 MB.

Unloading 14 unused Assets to reduce memory usage. Loaded Objects now: 1963.
Total: 2.513900 ms (FindLiveObjects: 0.140000 ms CreateObjectMapping: 0.037800 ms MarkObjects: 2.319500 ms  DeleteObjects: 0.015800 ms)

AssetImportParameters requested are different than current active one (requested -> active):
  custom:framework-win-MediaFoundation: 216162199b28c13a410421893ffa2e32 -> 
  custom:video-decoder-ogg-theora: a1e56fd34408186e4bbccfd4996cb3dc -> 
  custom:container-muxer-webm: aa71ff27fc2769a1b78a27578f13a17b -> 
  custom:container-demuxer-webm: 4f35f7cbe854078d1ac9338744f61a02 -> 
  custom:container-demuxer-ogg: 62fdf1f143b41e24485cea50d1cbac27 -> 
  custom:video-encoder-webm-vp8: eb34c28f22e8b96e1ab97ce403110664 -> 
  custom:video-codec-MediaFoundation-h265: 746d11721c4dcdbdad8f713fa42b33f4 -> 
  custom:video-decoder-webm-vp8: 9c59270c3fd7afecdb556c50c9e8de78 -> 
  custom:audio-decoder-ogg-vorbis: bf7c407c2cedff20999df2af8eb42d56 -> 
  custom:audio-encoder-webm-vorbis: bf7c407c2cedff20999df2af8eb42d56 -> 
========================================================================
Received Prepare
Registering precompiled user dll's ...
Registered in 0.005940 seconds.
Begin MonoManager ReloadAssembly
Native extension for WindowsStandalone target not found
Refreshing native plugins compatible for Editor in 0.30 ms, found 2 plugins.
Preloading 0 native plugins for Editor in 0.00 ms.
Mono: successfully reloaded assembly
- Completed reload, in  0.887 seconds
Domain Reload Profiling:
	ReloadAssembly (887ms)
		BeginReloadAssembly (106ms)
			ExecutionOrderSort (0ms)
			DisableScriptedObjects (4ms)
			BackupInstance (0ms)
			ReleaseScriptingObjects (0ms)
			CreateAndSetChildDomain (28ms)
		EndReloadAssembly (721ms)
			LoadAssemblies (86ms)
			RebuildTransferFunctionScriptingTraits (0ms)
			SetupTypeCache (257ms)
			ReleaseScriptCaches (1ms)
			RebuildScriptCaches (36ms)
			SetupLoadedEditorAssemblies (251ms)
				LogAssemblyErrors (0ms)
				InitializePlatformSupportModulesInManaged (4ms)
				SetLoadedEditorAssemblies (0ms)
				RefreshPlugins (0ms)
				BeforeProcessingInitializeOnLoad (67ms)
				ProcessInitializeOnLoadAttributes (165ms)
				ProcessInitializeOnLoadMethodAttributes (8ms)
				AfterProcessingInitializeOnLoad (7ms)
				EditorAssembliesLoaded (0ms)
			ExecutionOrderSort2 (0ms)
			AwakeInstancesAfterBackupRestoration (6ms)
Platform modules already initialized, skipping
Refreshing native plugins compatible for Editor in 0.29 ms, found 2 plugins.
Preloading 0 native plugins for Editor in 0.00 ms.
Unloading 1495 Unused Serialized files (Serialized files now loaded: 0)
System memory in use before: 72.6 MB.
System memory in use after: 72.7 MB.

Unloading 14 unused Assets to reduce memory usage. Loaded Objects now: 1965.
Total: 2.494000 ms (FindLiveObjects: 0.142800 ms CreateObjectMapping: 0.038400 ms MarkObjects: 2.296700 ms  DeleteObjects: 0.015400 ms)

AssetImportParameters requested are different than current active one (requested -> active):
  custom:framework-win-MediaFoundation: 216162199b28c13a410421893ffa2e32 -> 
  custom:video-decoder-ogg-theora: a1e56fd34408186e4bbccfd4996cb3dc -> 
  custom:container-muxer-webm: aa71ff27fc2769a1b78a27578f13a17b -> 
  custom:container-demuxer-webm: 4f35f7cbe854078d1ac9338744f61a02 -> 
  custom:container-demuxer-ogg: 62fdf1f143b41e24485cea50d1cbac27 -> 
  custom:video-encoder-webm-vp8: eb34c28f22e8b96e1ab97ce403110664 -> 
  custom:video-codec-MediaFoundation-h265: 746d11721c4dcdbdad8f713fa42b33f4 -> 
  custom:video-decoder-webm-vp8: 9c59270c3fd7afecdb556c50c9e8de78 -> 
  custom:audio-decoder-ogg-vorbis: bf7c407c2cedff20999df2af8eb42d56 -> 
  custom:audio-encoder-webm-vorbis: bf7c407c2cedff20999df2af8eb42d56 -> 
========================================================================
Received Prepare
Registering precompiled user dll's ...
Registered in 0.004781 seconds.
Begin MonoManager ReloadAssembly
Native extension for WindowsStandalone target not found
Refreshing native plugins compatible for Editor in 0.29 ms, found 2 plugins.
Preloading 0 native plugins for Editor in 0.00 ms.
Mono: successfully reloaded assembly
- Completed reload, in  0.852 seconds
Domain Reload Profiling:
	ReloadAssembly (852ms)
		BeginReloadAssembly (107ms)
			ExecutionOrderSort (0ms)
			DisableScriptedObjects (4ms)
			BackupInstance (0ms)
			ReleaseScriptingObjects (0ms)
			CreateAndSetChildDomain (25ms)
		EndReloadAssembly (688ms)
			LoadAssemblies (81ms)
			RebuildTransferFunctionScriptingTraits (0ms)
			SetupTypeCache (239ms)
			ReleaseScriptCaches (1ms)
			RebuildScriptCaches (34ms)
			SetupLoadedEditorAssemblies (253ms)
				LogAssemblyErrors (0ms)
				InitializePlatformSupportModulesInManaged (4ms)
				SetLoadedEditorAssemblies (0ms)
				RefreshPlugins (0ms)
				BeforeProcessingInitializeOnLoad (67ms)
				ProcessInitializeOnLoadAttributes (167ms)
				ProcessInitializeOnLoadMethodAttributes (8ms)
				AfterProcessingInitializeOnLoad (7ms)
				EditorAssembliesLoaded (0ms)
			ExecutionOrderSort2 (0ms)
			AwakeInstancesAfterBackupRestoration (6ms)
Platform modules already initialized, skipping
Refreshing native plugins compatible for Editor in 0.32 ms, found 2 plugins.
Preloading 0 native plugins for Editor in 0.00 ms.
Unloading 1495 Unused Serialized files (Serialized files now loaded: 0)
System memory in use before: 72.6 MB.
System memory in use after: 72.7 MB.

Unloading 14 unused Assets to reduce memory usage. Loaded Objects now: 1967.
Total: 2.273100 ms (FindLiveObjects: 0.138700 ms CreateObjectMapping: 0.041000 ms MarkObjects: 2.078000 ms  DeleteObjects: 0.014400 ms)

AssetImportParameters requested are different than current active one (requested -> active):
  custom:framework-win-MediaFoundation: 216162199b28c13a410421893ffa2e32 -> 
  custom:video-decoder-ogg-theora: a1e56fd34408186e4bbccfd4996cb3dc -> 
  custom:container-muxer-webm: aa71ff27fc2769a1b78a27578f13a17b -> 
  custom:container-demuxer-webm: 4f35f7cbe854078d1ac9338744f61a02 -> 
  custom:container-demuxer-ogg: 62fdf1f143b41e24485cea50d1cbac27 -> 
  custom:video-encoder-webm-vp8: eb34c28f22e8b96e1ab97ce403110664 -> 
  custom:video-codec-MediaFoundation-h265: 746d11721c4dcdbdad8f713fa42b33f4 -> 
  custom:video-decoder-webm-vp8: 9c59270c3fd7afecdb556c50c9e8de78 -> 
  custom:audio-decoder-ogg-vorbis: bf7c407c2cedff20999df2af8eb42d56 -> 
  custom:audio-encoder-webm-vorbis: bf7c407c2cedff20999df2af8eb42d56 -> 
========================================================================
Received Prepare
Registering precompiled user dll's ...
Registered in 0.004794 seconds.
Begin MonoManager ReloadAssembly
Native extension for WindowsStandalone target not found
Refreshing native plugins compatible for Editor in 0.29 ms, found 2 plugins.
Preloading 0 native plugins for Editor in 0.00 ms.
Mono: successfully reloaded assembly
- Completed reload, in  0.840 seconds
Domain Reload Profiling:
	ReloadAssembly (840ms)
		BeginReloadAssembly (97ms)
			ExecutionOrderSort (0ms)
			DisableScriptedObjects (4ms)
			BackupInstance (0ms)
			ReleaseScriptingObjects (0ms)
			CreateAndSetChildDomain (25ms)
		EndReloadAssembly (685ms)
			LoadAssemblies (80ms)
			RebuildTransferFunctionScriptingTraits (0ms)
			SetupTypeCache (236ms)
			ReleaseScriptCaches (1ms)
			RebuildScriptCaches (34ms)
			SetupLoadedEditorAssemblies (250ms)
				LogAssemblyErrors (0ms)
				InitializePlatformSupportModulesInManaged (4ms)
				SetLoadedEditorAssemblies (0ms)
				RefreshPlugins (0ms)
				BeforeProcessingInitializeOnLoad (66ms)
				ProcessInitializeOnLoadAttributes (163ms)
				ProcessInitializeOnLoadMethodAttributes (8ms)
				AfterProcessingInitializeOnLoad (7ms)
				EditorAssembliesLoaded (0ms)
			ExecutionOrderSort2 (0ms)
			AwakeInstancesAfterBackupRestoration (6ms)
Platform modules already initialized, skipping
Refreshing native plugins compatible for Editor in 0.34 ms, found 2 plugins.
Preloading 0 native plugins for Editor in 0.00 ms.
Unloading 1495 Unused Serialized files (Serialized files now loaded: 0)
System memory in use before: 72.6 MB.
System memory in use after: 72.8 MB.

Unloading 14 unused Assets to reduce memory usage. Loaded Objects now: 1969.
Total: 2.443800 ms (FindLiveObjects: 0.147000 ms CreateObjectMapping: 0.038300 ms MarkObjects: 2.242900 ms  DeleteObjects: 0.014800 ms)

AssetImportParameters requested are different than current active one (requested -> active):
  custom:framework-win-MediaFoundation: 216162199b28c13a410421893ffa2e32 -> 
  custom:video-decoder-ogg-theora: a1e56fd34408186e4bbccfd4996cb3dc -> 
  custom:container-muxer-webm: aa71ff27fc2769a1b78a27578f13a17b -> 
  custom:container-demuxer-webm: 4f35f7cbe854078d1ac9338744f61a02 -> 
  custom:container-demuxer-ogg: 62fdf1f143b41e24485cea50d1cbac27 -> 
  custom:video-encoder-webm-vp8: eb34c28f22e8b96e1ab97ce403110664 -> 
  custom:video-codec-MediaFoundation-h265: 746d11721c4dcdbdad8f713fa42b33f4 -> 
  custom:video-decoder-webm-vp8: 9c59270c3fd7afecdb556c50c9e8de78 -> 
  custom:audio-decoder-ogg-vorbis: bf7c407c2cedff20999df2af8eb42d56 -> 
  custom:audio-encoder-webm-vorbis: bf7c407c2cedff20999df2af8eb42d56 -> 
========================================================================
Received Import Request.
  Time since last request: 1490.465337 seconds.
  path: Assets/Materials
  artifactKey: Guid(5245916141c22574ca540109afc8fb78) Importer(815301076,1909f56bfc062723c751e8b465ee728b)
Start importing Assets/Materials using Guid(5245916141c22574ca540109afc8fb78) Importer(815301076,1909f56bfc062723c751e8b465ee728b)  -> (artifact id: 'ec311607045b4dd28857e27d73d5e4e1') in 0.005597 seconds 
  Import took 0.008927 seconds .

========================================================================
Received Import Request.
  Time since last request: 11.832337 seconds.
  path: Assets/Materials/Spaceship.mat
  artifactKey: Guid(68d60aff67c1efe41bdb6dea1638fe25) Importer(815301076,1909f56bfc062723c751e8b465ee728b)
Start importing Assets/Materials/Spaceship.mat using Guid(68d60aff67c1efe41bdb6dea1638fe25) Importer(815301076,1909f56bfc062723c751e8b465ee728b)  -> (artifact id: 'd5ef1ffbd02ce79335a4a582d3a6a45f') in 0.057970 seconds 
  Import took 0.063756 seconds .

========================================================================
Received Import Request.
  Time since last request: 115.222228 seconds.
  path: Assets/Models/Asteroid/Asteroid.FBX
  artifactKey: Guid(42e0e47738a42fc42a99fb8d6aaf3f9f) Importer(815301076,1909f56bfc062723c751e8b465ee728b)
Start importing Assets/Models/Asteroid/Asteroid.FBX using Guid(42e0e47738a42fc42a99fb8d6aaf3f9f) Importer(815301076,1909f56bfc062723c751e8b465ee728b)  -> (artifact id: 'b86726e2c1985f26a4493c3f767813d9') in 0.037456 seconds 
  Import took 0.044644 seconds .

========================================================================
Received Import Request.
  Time since last request: 0.000334 seconds.
  path: Assets/Models/Planet/GeoSphere.FBX
  artifactKey: Guid(1c82197adb1f70546a8b7124aaf7fd7e) Importer(815301076,1909f56bfc062723c751e8b465ee728b)
Start importing Assets/Models/Planet/GeoSphere.FBX using Guid(1c82197adb1f70546a8b7124aaf7fd7e) Importer(815301076,1909f56bfc062723c751e8b465ee728b)  -> (artifact id: '559d134ae9abe604ac90358f2236d405') in 0.013113 seconds 
  Import took 0.016207 seconds .

========================================================================
Received Prepare
Registering precompiled user dll's ...
Registered in 0.004814 seconds.
Begin MonoManager ReloadAssembly
Native extension for WindowsStandalone target not found
Refreshing native plugins compatible for Editor in 0.38 ms, found 2 plugins.
Preloading 0 native plugins for Editor in 0.00 ms.
Mono: successfully reloaded assembly
- Completed reload, in  0.844 seconds
Domain Reload Profiling:
	ReloadAssembly (845ms)
		BeginReloadAssembly (96ms)
			ExecutionOrderSort (0ms)
			DisableScriptedObjects (3ms)
			BackupInstance (0ms)
			ReleaseScriptingObjects (0ms)
			CreateAndSetChildDomain (27ms)
		EndReloadAssembly (690ms)
			LoadAssemblies (80ms)
			RebuildTransferFunctionScriptingTraits (0ms)
			SetupTypeCache (241ms)
			ReleaseScriptCaches (1ms)
			RebuildScriptCaches (33ms)
			SetupLoadedEditorAssemblies (254ms)
				LogAssemblyErrors (0ms)
				InitializePlatformSupportModulesInManaged (4ms)
				SetLoadedEditorAssemblies (0ms)
				RefreshPlugins (0ms)
				BeforeProcessingInitializeOnLoad (68ms)
				ProcessInitializeOnLoadAttributes (166ms)
				ProcessInitializeOnLoadMethodAttributes (8ms)
				AfterProcessingInitializeOnLoad (7ms)
				EditorAssembliesLoaded (0ms)
			ExecutionOrderSort2 (0ms)
			AwakeInstancesAfterBackupRestoration (6ms)
Platform modules already initialized, skipping
Refreshing native plugins compatible for Editor in 0.29 ms, found 2 plugins.
Preloading 0 native plugins for Editor in 0.00 ms.
Unloading 1495 Unused Serialized files (Serialized files now loaded: 0)
System memory in use before: 72.8 MB.
System memory in use after: 72.9 MB.

Unloading 15 unused Assets to reduce memory usage. Loaded Objects now: 2005.
Total: 2.674500 ms (FindLiveObjects: 0.158300 ms CreateObjectMapping: 0.046500 ms MarkObjects: 2.446600 ms  DeleteObjects: 0.022100 ms)

AssetImportParameters requested are different than current active one (requested -> active):
  custom:framework-win-MediaFoundation: 216162199b28c13a410421893ffa2e32 -> 
  custom:video-decoder-ogg-theora: a1e56fd34408186e4bbccfd4996cb3dc -> 
  custom:container-muxer-webm: aa71ff27fc2769a1b78a27578f13a17b -> 
  custom:container-demuxer-webm: 4f35f7cbe854078d1ac9338744f61a02 -> 
  custom:container-demuxer-ogg: 62fdf1f143b41e24485cea50d1cbac27 -> 
  custom:video-encoder-webm-vp8: eb34c28f22e8b96e1ab97ce403110664 -> 
  custom:video-codec-MediaFoundation-h265: 746d11721c4dcdbdad8f713fa42b33f4 -> 
  custom:video-decoder-webm-vp8: 9c59270c3fd7afecdb556c50c9e8de78 -> 
  custom:audio-decoder-ogg-vorbis: bf7c407c2cedff20999df2af8eb42d56 -> 
  custom:audio-encoder-webm-vorbis: bf7c407c2cedff20999df2af8eb42d56 -> 
========================================================================
Received Prepare
Registering precompiled user dll's ...
Registered in 0.005272 seconds.
Begin MonoManager ReloadAssembly
Native extension for WindowsStandalone target not found
Refreshing native plugins compatible for Editor in 0.31 ms, found 2 plugins.
Preloading 0 native plugins for Editor in 0.00 ms.
Mono: successfully reloaded assembly
- Completed reload, in  0.965 seconds
Domain Reload Profiling:
	ReloadAssembly (966ms)
		BeginReloadAssembly (134ms)
			ExecutionOrderSort (0ms)
			DisableScriptedObjects (4ms)
			BackupInstance (0ms)
			ReleaseScriptingObjects (0ms)
			CreateAndSetChildDomain (25ms)
		EndReloadAssembly (771ms)
			LoadAssemblies (116ms)
			RebuildTransferFunctionScriptingTraits (0ms)
			SetupTypeCache (280ms)
			ReleaseScriptCaches (1ms)
			RebuildScriptCaches (38ms)
			SetupLoadedEditorAssemblies (265ms)
				LogAssemblyErrors (0ms)
				InitializePlatformSupportModulesInManaged (4ms)
				SetLoadedEditorAssemblies (0ms)
				RefreshPlugins (0ms)
				BeforeProcessingInitializeOnLoad (67ms)
				ProcessInitializeOnLoadAttributes (178ms)
				ProcessInitializeOnLoadMethodAttributes (8ms)
				AfterProcessingInitializeOnLoad (8ms)
				EditorAssembliesLoaded (0ms)
			ExecutionOrderSort2 (0ms)
			AwakeInstancesAfterBackupRestoration (6ms)
Platform modules already initialized, skipping
Refreshing native plugins compatible for Editor in 0.34 ms, found 2 plugins.
Preloading 0 native plugins for Editor in 0.00 ms.
Unloading 1495 Unused Serialized files (Serialized files now loaded: 0)
System memory in use before: 72.8 MB.
System memory in use after: 72.9 MB.

Unloading 14 unused Assets to reduce memory usage. Loaded Objects now: 2007.
Total: 2.719500 ms (FindLiveObjects: 0.278300 ms CreateObjectMapping: 0.130800 ms MarkObjects: 2.294400 ms  DeleteObjects: 0.015200 ms)

AssetImportParameters requested are different than current active one (requested -> active):
  custom:framework-win-MediaFoundation: 216162199b28c13a410421893ffa2e32 -> 
  custom:video-decoder-ogg-theora: a1e56fd34408186e4bbccfd4996cb3dc -> 
  custom:container-muxer-webm: aa71ff27fc2769a1b78a27578f13a17b -> 
  custom:container-demuxer-webm: 4f35f7cbe854078d1ac9338744f61a02 -> 
  custom:container-demuxer-ogg: 62fdf1f143b41e24485cea50d1cbac27 -> 
  custom:video-encoder-webm-vp8: eb34c28f22e8b96e1ab97ce403110664 -> 
  custom:video-codec-MediaFoundation-h265: 746d11721c4dcdbdad8f713fa42b33f4 -> 
  custom:video-decoder-webm-vp8: 9c59270c3fd7afecdb556c50c9e8de78 -> 
  custom:audio-decoder-ogg-vorbis: bf7c407c2cedff20999df2af8eb42d56 -> 
  custom:audio-encoder-webm-vorbis: bf7c407c2cedff20999df2af8eb42d56 -> 
========================================================================
Received Prepare
Registering precompiled user dll's ...
Registered in 0.004784 seconds.
Begin MonoManager ReloadAssembly
Native extension for WindowsStandalone target not found
Refreshing native plugins compatible for Editor in 0.29 ms, found 2 plugins.
Preloading 0 native plugins for Editor in 0.00 ms.
Mono: successfully reloaded assembly
- Completed reload, in  0.867 seconds
Domain Reload Profiling:
	ReloadAssembly (868ms)
		BeginReloadAssembly (96ms)
			ExecutionOrderSort (0ms)
			DisableScriptedObjects (4ms)
			BackupInstance (0ms)
			ReleaseScriptingObjects (0ms)
			CreateAndSetChildDomain (24ms)
		EndReloadAssembly (713ms)
			LoadAssemblies (83ms)
			RebuildTransferFunctionScriptingTraits (0ms)
			SetupTypeCache (259ms)
			ReleaseScriptCaches (1ms)
			RebuildScriptCaches (35ms)
			SetupLoadedEditorAssemblies (254ms)
				LogAssemblyErrors (0ms)
				InitializePlatformSupportModulesInManaged (4ms)
				SetLoadedEditorAssemblies (0ms)
				RefreshPlugins (0ms)
				BeforeProcessingInitializeOnLoad (67ms)
				ProcessInitializeOnLoadAttributes (167ms)
				ProcessInitializeOnLoadMethodAttributes (8ms)
				AfterProcessingInitializeOnLoad (7ms)
				EditorAssembliesLoaded (0ms)
			ExecutionOrderSort2 (0ms)
			AwakeInstancesAfterBackupRestoration (6ms)
Platform modules already initialized, skipping
Refreshing native plugins compatible for Editor in 0.30 ms, found 2 plugins.
Preloading 0 native plugins for Editor in 0.00 ms.
Unloading 1495 Unused Serialized files (Serialized files now loaded: 0)
System memory in use before: 72.8 MB.
System memory in use after: 72.9 MB.

Unloading 14 unused Assets to reduce memory usage. Loaded Objects now: 2009.
Total: 2.381100 ms (FindLiveObjects: 0.142400 ms CreateObjectMapping: 0.037500 ms MarkObjects: 2.186400 ms  DeleteObjects: 0.014000 ms)

AssetImportParameters requested are different than current active one (requested -> active):
  custom:framework-win-MediaFoundation: 216162199b28c13a410421893ffa2e32 -> 
  custom:video-decoder-ogg-theora: a1e56fd34408186e4bbccfd4996cb3dc -> 
  custom:container-muxer-webm: aa71ff27fc2769a1b78a27578f13a17b -> 
  custom:container-demuxer-webm: 4f35f7cbe854078d1ac9338744f61a02 -> 
  custom:container-demuxer-ogg: 62fdf1f143b41e24485cea50d1cbac27 -> 
  custom:video-encoder-webm-vp8: eb34c28f22e8b96e1ab97ce403110664 -> 
  custom:video-codec-MediaFoundation-h265: 746d11721c4dcdbdad8f713fa42b33f4 -> 
  custom:video-decoder-webm-vp8: 9c59270c3fd7afecdb556c50c9e8de78 -> 
  custom:audio-decoder-ogg-vorbis: bf7c407c2cedff20999df2af8eb42d56 -> 
  custom:audio-encoder-webm-vorbis: bf7c407c2cedff20999df2af8eb42d56 -> 
========================================================================
Received Import Request.
  Time since last request: 231.096513 seconds.
  path: Assets/Scripts/SpaceshipController.cs
  artifactKey: Guid(45562e74c2fdb2b4591e72d98bd62321) Importer(815301076,1909f56bfc062723c751e8b465ee728b)
Start importing Assets/Scripts/SpaceshipController.cs using Guid(45562e74c2fdb2b4591e72d98bd62321) Importer(815301076,1909f56bfc062723c751e8b465ee728b)  -> (artifact id: '377ddfee64ff7a4ff725ddd97ecbd413') in 0.006715 seconds 
  Import took 0.014174 seconds .

========================================================================
Received Prepare
Registering precompiled user dll's ...
Registered in 0.004868 seconds.
Begin MonoManager ReloadAssembly
Native extension for WindowsStandalone target not found
Refreshing native plugins compatible for Editor in 0.31 ms, found 2 plugins.
Preloading 0 native plugins for Editor in 0.00 ms.
Mono: successfully reloaded assembly
- Completed reload, in  0.845 seconds
Domain Reload Profiling:
	ReloadAssembly (846ms)
		BeginReloadAssembly (97ms)
			ExecutionOrderSort (0ms)
			DisableScriptedObjects (4ms)
			BackupInstance (0ms)
			ReleaseScriptingObjects (0ms)
			CreateAndSetChildDomain (26ms)
		EndReloadAssembly (690ms)
			LoadAssemblies (82ms)
			RebuildTransferFunctionScriptingTraits (0ms)
			SetupTypeCache (238ms)
			ReleaseScriptCaches (1ms)
			RebuildScriptCaches (34ms)
			SetupLoadedEditorAssemblies (250ms)
				LogAssemblyErrors (0ms)
				InitializePlatformSupportModulesInManaged (4ms)
				SetLoadedEditorAssemblies (0ms)
				RefreshPlugins (0ms)
				BeforeProcessingInitializeOnLoad (66ms)
				ProcessInitializeOnLoadAttributes (164ms)
				ProcessInitializeOnLoadMethodAttributes (8ms)
				AfterProcessingInitializeOnLoad (7ms)
				EditorAssembliesLoaded (0ms)
			ExecutionOrderSort2 (0ms)
			AwakeInstancesAfterBackupRestoration (6ms)
Platform modules already initialized, skipping
Refreshing native plugins compatible for Editor in 0.29 ms, found 2 plugins.
Preloading 0 native plugins for Editor in 0.00 ms.
Unloading 1495 Unused Serialized files (Serialized files now loaded: 0)
System memory in use before: 72.8 MB.
System memory in use after: 72.9 MB.

Unloading 14 unused Assets to reduce memory usage. Loaded Objects now: 2011.
Total: 2.703500 ms (FindLiveObjects: 0.146100 ms CreateObjectMapping: 0.040800 ms MarkObjects: 2.490700 ms  DeleteObjects: 0.025100 ms)

AssetImportParameters requested are different than current active one (requested -> active):
  custom:framework-win-MediaFoundation: 216162199b28c13a410421893ffa2e32 -> 
  custom:video-decoder-ogg-theora: a1e56fd34408186e4bbccfd4996cb3dc -> 
  custom:container-muxer-webm: aa71ff27fc2769a1b78a27578f13a17b -> 
  custom:container-demuxer-webm: 4f35f7cbe854078d1ac9338744f61a02 -> 
  custom:container-demuxer-ogg: 62fdf1f143b41e24485cea50d1cbac27 -> 
  custom:video-encoder-webm-vp8: eb34c28f22e8b96e1ab97ce403110664 -> 
  custom:video-codec-MediaFoundation-h265: 746d11721c4dcdbdad8f713fa42b33f4 -> 
  custom:video-decoder-webm-vp8: 9c59270c3fd7afecdb556c50c9e8de78 -> 
  custom:audio-decoder-ogg-vorbis: bf7c407c2cedff20999df2af8eb42d56 -> 
  custom:audio-encoder-webm-vorbis: bf7c407c2cedff20999df2af8eb42d56 -> 
========================================================================
Received Import Request.
  Time since last request: 110.715902 seconds.
  path: Assets/Materials/Spaceship.mat
  artifactKey: Guid(68d60aff67c1efe41bdb6dea1638fe25) Importer(815301076,1909f56bfc062723c751e8b465ee728b)
Start importing Assets/Materials/Spaceship.mat using Guid(68d60aff67c1efe41bdb6dea1638fe25) Importer(815301076,1909f56bfc062723c751e8b465ee728b)  -> (artifact id: 'd49ef6146b68e35c8b763d660b1e21c6') in 0.073278 seconds 
  Import took 0.075730 seconds .

========================================================================
Received Import Request.
  Time since last request: 5.430961 seconds.
  path: Assets/Models/Planet
  artifactKey: Guid(e9fbfcdcab920774dbaf52940d8f37d4) Importer(815301076,1909f56bfc062723c751e8b465ee728b)
Start importing Assets/Models/Planet using Guid(e9fbfcdcab920774dbaf52940d8f37d4) Importer(815301076,1909f56bfc062723c751e8b465ee728b)  -> (artifact id: '727bdf02b6de958390d1251bbccd8212') in 0.005504 seconds 
  Import took 0.013022 seconds .

========================================================================
Received Import Request.
  Time since last request: 0.071210 seconds.
  path: Assets/Models/Planet/Atmosphere.mat
  artifactKey: Guid(b2483d16904c4524e8349c5f6d7302d5) Importer(815301076,1909f56bfc062723c751e8b465ee728b)
Start importing Assets/Models/Planet/Atmosphere.mat using Guid(b2483d16904c4524e8349c5f6d7302d5) Importer(815301076,1909f56bfc062723c751e8b465ee728b)  -> (artifact id: '6a973025735faecd9bd2c9f26020b6f0') in 0.107306 seconds 
  Import took 0.109600 seconds .

========================================================================
Received Import Request.
  Time since last request: 0.000342 seconds.
  path: Assets/Models/Planet/Noise.png
  artifactKey: Guid(248ac1f576ea4d344afd0c28aa2e231f) Importer(815301076,1909f56bfc062723c751e8b465ee728b)
Start importing Assets/Models/Planet/Noise.png using Guid(248ac1f576ea4d344afd0c28aa2e231f) Importer(815301076,1909f56bfc062723c751e8b465ee728b)  -> (artifact id: '71ab76669928555fecbaf0b3660512ca') in 0.015068 seconds 
  Import took 0.017586 seconds .

========================================================================
Received Import Request.
  Time since last request: 0.000286 seconds.
  path: Assets/Models/Planet/Planet.mat
  artifactKey: Guid(49fead1840d8f3c40b051c259401a77f) Importer(815301076,1909f56bfc062723c751e8b465ee728b)
Start importing Assets/Models/Planet/Planet.mat using Guid(49fead1840d8f3c40b051c259401a77f) Importer(815301076,1909f56bfc062723c751e8b465ee728b)  -> (artifact id: '62170c325258576088eea4fa2b6f8baf') in 0.163450 seconds 
  Import took 0.165742 seconds .

========================================================================
Received Import Request.
  Time since last request: 0.000349 seconds.
  path: Assets/Models/Planet/Planet.prefab
  artifactKey: Guid(4319d9e04010d3e4e872da9c074a632f) Importer(815301076,1909f56bfc062723c751e8b465ee728b)
Start importing Assets/Models/Planet/Planet.prefab using Guid(4319d9e04010d3e4e872da9c074a632f) Importer(815301076,1909f56bfc062723c751e8b465ee728b)  -> (artifact id: 'b16920be5cf6dcdef215a79617e086c3') in 0.026285 seconds 
  Import took 0.028451 seconds .

========================================================================
Received Import Request.
  Time since last request: 0.000293 seconds.
  path: Assets/Models/Planet/Planet.tga
  artifactKey: Guid(a1b3a78afb899ae4b92db57e7b9d123f) Importer(815301076,1909f56bfc062723c751e8b465ee728b)
Start importing Assets/Models/Planet/Planet.tga using Guid(a1b3a78afb899ae4b92db57e7b9d123f) Importer(815301076,1909f56bfc062723c751e8b465ee728b)  -> (artifact id: '5f9c01d9ddd9ef861c77baee7e38b106') in 0.011085 seconds 
  Import took 0.013594 seconds .

========================================================================
Received Import Request.
  Time since last request: 1.805384 seconds.
  path: Assets/Models/Asteroid
  artifactKey: Guid(02400b34928384642917225d10c13200) Importer(815301076,1909f56bfc062723c751e8b465ee728b)
Start importing Assets/Models/Asteroid using Guid(02400b34928384642917225d10c13200) Importer(815301076,1909f56bfc062723c751e8b465ee728b)  -> (artifact id: 'cba2cf3a2c534806b3a3cfcd2cbba479') in 0.002441 seconds 
  Import took 0.009254 seconds .

========================================================================
Received Import Request.
  Time since last request: 0.079123 seconds.
  path: Assets/Models/Asteroid/Asteroid - Bump.tga
  artifactKey: Guid(a623ad04b0e4d2346b6ffedd67be0f8e) Importer(815301076,1909f56bfc062723c751e8b465ee728b)
Start importing Assets/Models/Asteroid/Asteroid - Bump.tga using Guid(a623ad04b0e4d2346b6ffedd67be0f8e) Importer(815301076,1909f56bfc062723c751e8b465ee728b)  -> (artifact id: '3905acfde5191e7a3c37261b2d34a0df') in 0.013014 seconds 
  Import took 0.017328 seconds .

========================================================================
Received Import Request.
  Time since last request: 0.000414 seconds.
  path: Assets/Models/Asteroid/Asteroid - Diffuse.png
  artifactKey: Guid(c52ef66598a5b2b438dfcaffab060455) Importer(815301076,1909f56bfc062723c751e8b465ee728b)
Start importing Assets/Models/Asteroid/Asteroid - Diffuse.png using Guid(c52ef66598a5b2b438dfcaffab060455) Importer(815301076,1909f56bfc062723c751e8b465ee728b)  -> (artifact id: 'd2b886ead0fcab1fe7b99cb5fb993a3a') in 0.013238 seconds 
  Import took 0.016718 seconds .

========================================================================
Received Import Request.
  Time since last request: 4.639841 seconds.
  path: Assets/Scenes
  artifactKey: Guid(c5b4a2e43116b914f916e1ef33da58e3) Importer(815301076,1909f56bfc062723c751e8b465ee728b)
Start importing Assets/Scenes using Guid(c5b4a2e43116b914f916e1ef33da58e3) Importer(815301076,1909f56bfc062723c751e8b465ee728b)  -> (artifact id: 'a649912bfd25d2133e066afdb7904f4e') in 0.004180 seconds 
  Import took 0.011535 seconds .

========================================================================
Received Import Request.
  Time since last request: 2.001478 seconds.
  path: Assets/Shaders
  artifactKey: Guid(fbb7e45d3c41d5349a475ff2d521756c) Importer(815301076,1909f56bfc062723c751e8b465ee728b)
Start importing Assets/Shaders using Guid(fbb7e45d3c41d5349a475ff2d521756c) Importer(815301076,1909f56bfc062723c751e8b465ee728b)  -> (artifact id: 'f3c375b7fa18f58983dd0247793617d1') in 0.002516 seconds 
  Import took 0.004858 seconds .

========================================================================
Received Import Request.
  Time since last request: 1.328424 seconds.
  path: Assets/Shaders/Floor shader.shader
  artifactKey: Guid(3b2c37306ac5f2a41a15b1f462efa4a4) Importer(815301076,1909f56bfc062723c751e8b465ee728b)
Start importing Assets/Shaders/Floor shader.shader using Guid(3b2c37306ac5f2a41a15b1f462efa4a4) Importer(815301076,1909f56bfc062723c751e8b465ee728b)  -> (artifact id: '18912c81692c261f179e625bbc137ee9') in 0.004273 seconds 
  Import took 0.006459 seconds .

========================================================================
Received Import Request.
  Time since last request: 12.406286 seconds.
  path: Assets/Textures
  artifactKey: Guid(4d9ff00d935866048aa0d992ed51a48f) Importer(815301076,1909f56bfc062723c751e8b465ee728b)
Start importing Assets/Textures using Guid(4d9ff00d935866048aa0d992ed51a48f) Importer(815301076,1909f56bfc062723c751e8b465ee728b)  -> (artifact id: 'a7db1188488370d4b4de5c785ad5283a') in 0.004175 seconds 
  Import took 0.011500 seconds .

========================================================================
Received Import Request.
  Time since last request: 1.197255 seconds.
  path: Assets/Textures/Environment
  artifactKey: Guid(4844972a826642440857eb3ac5a45102) Importer(815301076,1909f56bfc062723c751e8b465ee728b)
Start importing Assets/Textures/Environment using Guid(4844972a826642440857eb3ac5a45102) Importer(815301076,1909f56bfc062723c751e8b465ee728b)  -> (artifact id: '3413680529f5934a3106c5ad7fd1c701') in 0.004782 seconds 
  Import took 0.007989 seconds .

========================================================================
Received Import Request.
  Time since last request: 1.007647 seconds.
  path: Assets/Textures/Environment/Floor
  artifactKey: Guid(7e53877514c605c4e8cbd9aa2a787ec0) Importer(815301076,1909f56bfc062723c751e8b465ee728b)
Start importing Assets/Textures/Environment/Floor using Guid(7e53877514c605c4e8cbd9aa2a787ec0) Importer(815301076,1909f56bfc062723c751e8b465ee728b)  -> (artifact id: '9c512a2bda89907e31f0f18bcf67f240') in 0.004987 seconds 
  Import took 0.012569 seconds .

========================================================================
Received Import Request.
  Time since last request: 0.067694 seconds.
  path: Assets/Textures/Environment/Floor/sci_fi_002_Diffuse.tga
  artifactKey: Guid(a2acd5db4b23dcc4d8e37abba17649af) Importer(815301076,1909f56bfc062723c751e8b465ee728b)
Start importing Assets/Textures/Environment/Floor/sci_fi_002_Diffuse.tga using Guid(a2acd5db4b23dcc4d8e37abba17649af) Importer(815301076,1909f56bfc062723c751e8b465ee728b)  -> (artifact id: '622714d2587d4460f9150e7a07a06bb1') in 0.012807 seconds 
  Import took 0.015302 seconds .

========================================================================
Received Import Request.
  Time since last request: 0.000338 seconds.
  path: Assets/Textures/Environment/Floor/sci_fi_002_Normal.tga
  artifactKey: Guid(587f00226871d634699b3ed679a02e36) Importer(815301076,1909f56bfc062723c751e8b465ee728b)
Start importing Assets/Textures/Environment/Floor/sci_fi_002_Normal.tga using Guid(587f00226871d634699b3ed679a02e36) Importer(815301076,1909f56bfc062723c751e8b465ee728b)  -> (artifact id: 'd0f1fd9290a8ce40041ba993eefae8bf') in 0.011900 seconds 
  Import took 0.014215 seconds .

========================================================================
Received Import Request.
  Time since last request: 0.001122 seconds.
  path: Assets/Textures/Environment/Floor/sci_fi_002_Emissive.tga
  artifactKey: Guid(a014c1d3d536d744492f5f77ab827480) Importer(815301076,1909f56bfc062723c751e8b465ee728b)
Start importing Assets/Textures/Environment/Floor/sci_fi_002_Emissive.tga using Guid(a014c1d3d536d744492f5f77ab827480) Importer(815301076,1909f56bfc062723c751e8b465ee728b)  -> (artifact id: 'd572777c82a8fe2d08cdce15f6d26490') in 0.010964 seconds 
  Import took 0.013595 seconds .

========================================================================
Received Import Request.
  Time since last request: 0.000263 seconds.
  path: Assets/Textures/Environment/Floor/sci_fi_002_Specular.tga
  artifactKey: Guid(fa6721dc812dae74cbe3fbb47529c3f6) Importer(815301076,1909f56bfc062723c751e8b465ee728b)
Start importing Assets/Textures/Environment/Floor/sci_fi_002_Specular.tga using Guid(fa6721dc812dae74cbe3fbb47529c3f6) Importer(815301076,1909f56bfc062723c751e8b465ee728b)  -> (artifact id: '287878e74283ba019d25e3da2b9d4b25') in 0.011458 seconds 
  Import took 0.013736 seconds .

========================================================================
Received Import Request.
  Time since last request: 2.635887 seconds.
  path: Assets/Textures/Environment/Skybox
  artifactKey: Guid(594895e139cc839439dfb5d6fecd1b05) Importer(815301076,1909f56bfc062723c751e8b465ee728b)
Start importing Assets/Textures/Environment/Skybox using Guid(594895e139cc839439dfb5d6fecd1b05) Importer(815301076,1909f56bfc062723c751e8b465ee728b)  -> (artifact id: 'd6552adbf59269446c34cfe54c32641a') in 0.004936 seconds 
  Import took 0.008992 seconds .

========================================================================
Received Import Request.
  Time since last request: 0.076205 seconds.
  path: Assets/Textures/Environment/Skybox/Blue - Back.png
  artifactKey: Guid(ad0db25bfc29141449ae18c741fe44ec) Importer(815301076,1909f56bfc062723c751e8b465ee728b)
Start importing Assets/Textures/Environment/Skybox/Blue - Back.png using Guid(ad0db25bfc29141449ae18c741fe44ec) Importer(815301076,1909f56bfc062723c751e8b465ee728b)  -> (artifact id: 'fff1ad751ed74808ffbddb721468c5ff') in 0.019370 seconds 
  Import took 0.026439 seconds .

========================================================================
Received Import Request.
  Time since last request: 0.000356 seconds.
  path: Assets/Textures/Environment/Skybox/Blue - Right.png
  artifactKey: Guid(65522d2b938bcc444bcac0d995db2d77) Importer(815301076,1909f56bfc062723c751e8b465ee728b)
Start importing Assets/Textures/Environment/Skybox/Blue - Right.png using Guid(65522d2b938bcc444bcac0d995db2d77) Importer(815301076,1909f56bfc062723c751e8b465ee728b)  -> (artifact id: '0d0d1ab51309314a79ceeaafd98b53ca') in 0.014151 seconds 
  Import took 0.016759 seconds .

========================================================================
Received Import Request.
  Time since last request: 0.000296 seconds.
  path: Assets/Textures/Environment/Skybox/Blue - Top.png
  artifactKey: Guid(14e7cdc1e0467554aacca57b4d8a1750) Importer(815301076,1909f56bfc062723c751e8b465ee728b)
Start importing Assets/Textures/Environment/Skybox/Blue - Top.png using Guid(14e7cdc1e0467554aacca57b4d8a1750) Importer(815301076,1909f56bfc062723c751e8b465ee728b)  -> (artifact id: '773601cf709b706ab6723c738b6dfd68') in 0.012277 seconds 
  Import took 0.014768 seconds .

========================================================================
Received Import Request.
  Time since last request: 0.000382 seconds.
  path: Assets/Textures/Environment/Skybox/Blue - Bottom.png
  artifactKey: Guid(32d0b7b14b377044980a9fbac0628776) Importer(815301076,1909f56bfc062723c751e8b465ee728b)
Start importing Assets/Textures/Environment/Skybox/Blue - Bottom.png using Guid(32d0b7b14b377044980a9fbac0628776) Importer(815301076,1909f56bfc062723c751e8b465ee728b)  -> (artifact id: 'ed5c383f09ecf2b6c14762cbcc911c00') in 0.011880 seconds 
  Import took 0.014627 seconds .

========================================================================
Received Import Request.
  Time since last request: 0.000480 seconds.
  path: Assets/Textures/Environment/Skybox/Blue - Front.png
  artifactKey: Guid(5998ab7218bf9464ea8f22898b1cdb1d) Importer(815301076,1909f56bfc062723c751e8b465ee728b)
Start importing Assets/Textures/Environment/Skybox/Blue - Front.png using Guid(5998ab7218bf9464ea8f22898b1cdb1d) Importer(815301076,1909f56bfc062723c751e8b465ee728b)  -> (artifact id: 'bd7e11404b4aae120c79be7aec0635f9') in 0.012975 seconds 
  Import took 0.015775 seconds .

========================================================================
Received Import Request.
  Time since last request: 0.000302 seconds.
  path: Assets/Textures/Environment/Skybox/Blue - Left.png
  artifactKey: Guid(3e15376808be51d4382a510a763c3db6) Importer(815301076,1909f56bfc062723c751e8b465ee728b)
Start importing Assets/Textures/Environment/Skybox/Blue - Left.png using Guid(3e15376808be51d4382a510a763c3db6) Importer(815301076,1909f56bfc062723c751e8b465ee728b)  -> (artifact id: '86222ec35aaba224481deff195d55f60') in 0.013246 seconds 
  Import took 0.016716 seconds .

========================================================================
Received Import Request.
  Time since last request: 17.790975 seconds.
  path: Assets/Materials/Sci-fi.mat
  artifactKey: Guid(79b5726ec894acb40b87259c1ec9204a) Importer(815301076,1909f56bfc062723c751e8b465ee728b)
Start importing Assets/Materials/Sci-fi.mat using Guid(79b5726ec894acb40b87259c1ec9204a) Importer(815301076,1909f56bfc062723c751e8b465ee728b)  -> (artifact id: '602b75fb0cc1ba3c1b538603044af276') in 0.008786 seconds 
  Import took 0.011634 seconds .

========================================================================
Received Import Request.
  Time since last request: 15.986947 seconds.
  path: Assets/Textures/FX/Thruster - Exhaust.psd
  artifactKey: Guid(01c076476afe04100adbd59a58e337eb) Importer(815301076,1909f56bfc062723c751e8b465ee728b)
Start importing Assets/Textures/FX/Thruster - Exhaust.psd using Guid(01c076476afe04100adbd59a58e337eb) Importer(815301076,1909f56bfc062723c751e8b465ee728b)  -> (artifact id: 'e23f61a40777b13b63b9283e1efa9a19') in 0.011746 seconds 
  Import took 0.014238 seconds .

========================================================================
Received Import Request.
  Time since last request: 0.000301 seconds.
  path: Assets/Textures/FX/Thruster - Glow.png
  artifactKey: Guid(9fd0803556af44591a2d3be1bd49a003) Importer(815301076,1909f56bfc062723c751e8b465ee728b)
Start importing Assets/Textures/FX/Thruster - Glow.png using Guid(9fd0803556af44591a2d3be1bd49a003) Importer(815301076,1909f56bfc062723c751e8b465ee728b)  -> (artifact id: '5bf974cc4096007d28b6ee323282810e') in 0.007042 seconds 
  Import took 0.009940 seconds .

========================================================================
Received Import Request.
  Time since last request: 0.000323 seconds.
  path: Assets/Textures/FX/Thruster - Maneuver.tga
  artifactKey: Guid(51d4863c72b485643b36bed83172bded) Importer(815301076,1909f56bfc062723c751e8b465ee728b)
Start importing Assets/Textures/FX/Thruster - Maneuver.tga using Guid(51d4863c72b485643b36bed83172bded) Importer(815301076,1909f56bfc062723c751e8b465ee728b)  -> (artifact id: 'f853776c4c95a4591f824b5e984448cd') in 0.008032 seconds 
  Import took 0.011770 seconds .

========================================================================
Received Prepare
Registering precompiled user dll's ...
Registered in 0.004861 seconds.
Begin MonoManager ReloadAssembly
Native extension for WindowsStandalone target not found
Refreshing native plugins compatible for Editor in 0.32 ms, found 2 plugins.
Preloading 0 native plugins for Editor in 0.00 ms.
Mono: successfully reloaded assembly
- Completed reload, in  0.955 seconds
Domain Reload Profiling:
	ReloadAssembly (956ms)
		BeginReloadAssembly (123ms)
			ExecutionOrderSort (0ms)
			DisableScriptedObjects (4ms)
			BackupInstance (0ms)
			ReleaseScriptingObjects (0ms)
			CreateAndSetChildDomain (28ms)
		EndReloadAssembly (775ms)
			LoadAssemblies (98ms)
			RebuildTransferFunctionScriptingTraits (0ms)
			SetupTypeCache (245ms)
			ReleaseScriptCaches (1ms)
			RebuildScriptCaches (33ms)
			SetupLoadedEditorAssemblies (275ms)
				LogAssemblyErrors (0ms)
				InitializePlatformSupportModulesInManaged (4ms)
				SetLoadedEditorAssemblies (0ms)
				RefreshPlugins (0ms)
				BeforeProcessingInitializeOnLoad (73ms)
				ProcessInitializeOnLoadAttributes (181ms)
				ProcessInitializeOnLoadMethodAttributes (8ms)
				AfterProcessingInitializeOnLoad (8ms)
				EditorAssembliesLoaded (0ms)
			ExecutionOrderSort2 (0ms)
			AwakeInstancesAfterBackupRestoration (6ms)
Platform modules already initialized, skipping
Refreshing native plugins compatible for Editor in 0.29 ms, found 2 plugins.
Preloading 0 native plugins for Editor in 0.00 ms.
Unloading 1495 Unused Serialized files (Serialized files now loaded: 0)
System memory in use before: 72.9 MB.
System memory in use after: 73.0 MB.

Unloading 14 unused Assets to reduce memory usage. Loaded Objects now: 2017.
Total: 3.163000 ms (FindLiveObjects: 0.235900 ms CreateObjectMapping: 0.094000 ms MarkObjects: 2.815800 ms  DeleteObjects: 0.016100 ms)

AssetImportParameters requested are different than current active one (requested -> active):
  custom:framework-win-MediaFoundation: 216162199b28c13a410421893ffa2e32 -> 
  custom:video-decoder-ogg-theora: a1e56fd34408186e4bbccfd4996cb3dc -> 
  custom:container-muxer-webm: aa71ff27fc2769a1b78a27578f13a17b -> 
  custom:container-demuxer-webm: 4f35f7cbe854078d1ac9338744f61a02 -> 
  custom:container-demuxer-ogg: 62fdf1f143b41e24485cea50d1cbac27 -> 
  custom:video-encoder-webm-vp8: eb34c28f22e8b96e1ab97ce403110664 -> 
  custom:video-codec-MediaFoundation-h265: 746d11721c4dcdbdad8f713fa42b33f4 -> 
  custom:video-decoder-webm-vp8: 9c59270c3fd7afecdb556c50c9e8de78 -> 
  custom:audio-decoder-ogg-vorbis: bf7c407c2cedff20999df2af8eb42d56 -> 
  custom:audio-encoder-webm-vorbis: bf7c407c2cedff20999df2af8eb42d56 -> 
========================================================================
Received Prepare
Registering precompiled user dll's ...
Registered in 0.005011 seconds.
Begin MonoManager ReloadAssembly
Native extension for WindowsStandalone target not found
Refreshing native plugins compatible for Editor in 0.29 ms, found 2 plugins.
Preloading 0 native plugins for Editor in 0.00 ms.
Mono: successfully reloaded assembly
- Completed reload, in  0.943 seconds
Domain Reload Profiling:
	ReloadAssembly (944ms)
		BeginReloadAssembly (96ms)
			ExecutionOrderSort (0ms)
			DisableScriptedObjects (4ms)
			BackupInstance (0ms)
			ReleaseScriptingObjects (0ms)
			CreateAndSetChildDomain (25ms)
		EndReloadAssembly (770ms)
			LoadAssemblies (81ms)
			RebuildTransferFunctionScriptingTraits (0ms)
			SetupTypeCache (295ms)
			ReleaseScriptCaches (1ms)
			RebuildScriptCaches (37ms)
			SetupLoadedEditorAssemblies (258ms)
				LogAssemblyErrors (0ms)
				InitializePlatformSupportModulesInManaged (4ms)
				SetLoadedEditorAssemblies (0ms)
				RefreshPlugins (0ms)
				BeforeProcessingInitializeOnLoad (66ms)
				ProcessInitializeOnLoadAttributes (171ms)
				ProcessInitializeOnLoadMethodAttributes (8ms)
				AfterProcessingInitializeOnLoad (7ms)
				EditorAssembliesLoaded (0ms)
			ExecutionOrderSort2 (0ms)
			AwakeInstancesAfterBackupRestoration (6ms)
Platform modules already initialized, skipping
Refreshing native plugins compatible for Editor in 0.29 ms, found 2 plugins.
Preloading 0 native plugins for Editor in 0.00 ms.
Unloading 1495 Unused Serialized files (Serialized files now loaded: 0)
System memory in use before: 72.9 MB.
System memory in use after: 73.0 MB.

Unloading 14 unused Assets to reduce memory usage. Loaded Objects now: 2019.
Total: 2.623300 ms (FindLiveObjects: 0.139000 ms CreateObjectMapping: 0.038600 ms MarkObjects: 2.429800 ms  DeleteObjects: 0.015100 ms)

AssetImportParameters requested are different than current active one (requested -> active):
  custom:framework-win-MediaFoundation: 216162199b28c13a410421893ffa2e32 -> 
  custom:video-decoder-ogg-theora: a1e56fd34408186e4bbccfd4996cb3dc -> 
  custom:container-muxer-webm: aa71ff27fc2769a1b78a27578f13a17b -> 
  custom:container-demuxer-webm: 4f35f7cbe854078d1ac9338744f61a02 -> 
  custom:container-demuxer-ogg: 62fdf1f143b41e24485cea50d1cbac27 -> 
  custom:video-encoder-webm-vp8: eb34c28f22e8b96e1ab97ce403110664 -> 
  custom:video-codec-MediaFoundation-h265: 746d11721c4dcdbdad8f713fa42b33f4 -> 
  custom:video-decoder-webm-vp8: 9c59270c3fd7afecdb556c50c9e8de78 -> 
  custom:audio-decoder-ogg-vorbis: bf7c407c2cedff20999df2af8eb42d56 -> 
  custom:audio-encoder-webm-vorbis: bf7c407c2cedff20999df2af8eb42d56 -> 
========================================================================
Received Prepare
Registering precompiled user dll's ...
Registered in 0.005245 seconds.
Begin MonoManager ReloadAssembly
Native extension for WindowsStandalone target not found
Refreshing native plugins compatible for Editor in 0.30 ms, found 2 plugins.
Preloading 0 native plugins for Editor in 0.00 ms.
Mono: successfully reloaded assembly
- Completed reload, in  0.857 seconds
Domain Reload Profiling:
	ReloadAssembly (858ms)
		BeginReloadAssembly (108ms)
			ExecutionOrderSort (0ms)
			DisableScriptedObjects (4ms)
			BackupInstance (0ms)
			ReleaseScriptingObjects (0ms)
			CreateAndSetChildDomain (25ms)
		EndReloadAssembly (691ms)
			LoadAssemblies (80ms)
			RebuildTransferFunctionScriptingTraits (0ms)
			SetupTypeCache (247ms)
			ReleaseScriptCaches (1ms)
			RebuildScriptCaches (33ms)
			SetupLoadedEditorAssemblies (250ms)
				LogAssemblyErrors (0ms)
				InitializePlatformSupportModulesInManaged (4ms)
				SetLoadedEditorAssemblies (0ms)
				RefreshPlugins (0ms)
				BeforeProcessingInitializeOnLoad (66ms)
				ProcessInitializeOnLoadAttributes (164ms)
				ProcessInitializeOnLoadMethodAttributes (8ms)
				AfterProcessingInitializeOnLoad (7ms)
				EditorAssembliesLoaded (0ms)
			ExecutionOrderSort2 (0ms)
			AwakeInstancesAfterBackupRestoration (6ms)
Platform modules already initialized, skipping
Refreshing native plugins compatible for Editor in 0.30 ms, found 2 plugins.
Preloading 0 native plugins for Editor in 0.00 ms.
Unloading 1495 Unused Serialized files (Serialized files now loaded: 0)
System memory in use before: 72.9 MB.
System memory in use after: 73.0 MB.

Unloading 14 unused Assets to reduce memory usage. Loaded Objects now: 2021.
Total: 2.433500 ms (FindLiveObjects: 0.140100 ms CreateObjectMapping: 0.037300 ms MarkObjects: 2.241700 ms  DeleteObjects: 0.013800 ms)

AssetImportParameters requested are different than current active one (requested -> active):
  custom:framework-win-MediaFoundation: 216162199b28c13a410421893ffa2e32 -> 
  custom:video-decoder-ogg-theora: a1e56fd34408186e4bbccfd4996cb3dc -> 
  custom:container-muxer-webm: aa71ff27fc2769a1b78a27578f13a17b -> 
  custom:container-demuxer-webm: 4f35f7cbe854078d1ac9338744f61a02 -> 
  custom:container-demuxer-ogg: 62fdf1f143b41e24485cea50d1cbac27 -> 
  custom:video-encoder-webm-vp8: eb34c28f22e8b96e1ab97ce403110664 -> 
  custom:video-codec-MediaFoundation-h265: 746d11721c4dcdbdad8f713fa42b33f4 -> 
  custom:video-decoder-webm-vp8: 9c59270c3fd7afecdb556c50c9e8de78 -> 
  custom:audio-decoder-ogg-vorbis: bf7c407c2cedff20999df2af8eb42d56 -> 
  custom:audio-encoder-webm-vorbis: bf7c407c2cedff20999df2af8eb42d56 -> 
========================================================================
Received Import Request.
  Time since last request: 351.934930 seconds.
  path: Assets/Materials/Sci-fi.mat
  artifactKey: Guid(79b5726ec894acb40b87259c1ec9204a) Importer(815301076,1909f56bfc062723c751e8b465ee728b)
Start importing Assets/Materials/Sci-fi.mat using Guid(79b5726ec894acb40b87259c1ec9204a) Importer(815301076,1909f56bfc062723c751e8b465ee728b)  -> (artifact id: '8dd54786046af89f5e240ac0be0b8042') in 0.073158 seconds 
  Import took 0.075521 seconds .

